[2025-01-09 13:26:53,423] 42 root - INFO - Start data Ingestion
[2025-01-09 13:26:56,442] 65 root - INFO - Performed train test split on the dataframe
[2025-01-09 13:26:56,442] 67 root - INFO - Exited split_data_as_train_test method of Data_Ingestion class
[2025-01-09 13:26:56,444] 75 root - INFO - Exporting train and test file path.
[2025-01-09 13:26:56,680] 84 root - INFO - Exported train and test file path.
[2025-01-09 13:26:56,680] 45 root - INFO - Data Ingestion completed and artifact: DataIngestionArtifact(trained_file_path='Artifacts\\01_09_2025_13_22_41\\data_ingestion\\ingested\\train.csv', test_file_path='Artifacts\\01_09_2025_13_22_41\\data_ingestion\\ingested\\test.csv')
[2025-01-09 13:26:56,710] 55 root - INFO - Initiate the data Validation
[2025-01-09 13:26:56,812] 34 root - INFO - Required number of columns:2
[2025-01-09 13:26:56,814] 35 root - INFO - Data frame has columns:31
[2025-01-09 13:26:56,814] 34 root - INFO - Required number of columns:2
[2025-01-09 13:26:56,814] 35 root - INFO - Data frame has columns:31
[2025-01-09 13:26:57,422] 54 root - INFO - Entered initiate_data_transformation method of DataTransformation class
[2025-01-09 13:26:57,422] 56 root - INFO - Starting data transformation
[2025-01-09 13:26:57,510] 39 root - INFO - Entered get_data_trnasformer_object method of Trnasformation class
[2025-01-09 13:26:57,510] 44 root - INFO - Initialise KNNImputer with {'missing_values': nan, 'n_neighbors': 3, 'weights': 'uniform'}
[2025-01-09 13:26:57,560] 46 root - INFO - Entered the save_object method of MainUtils class
[2025-01-09 13:26:57,570] 50 root - INFO - Exited the save_object method of MainUtils class
[2025-01-09 13:26:57,570] 46 root - INFO - Entered the save_object method of MainUtils class
[2025-01-09 13:26:57,577] 50 root - INFO - Exited the save_object method of MainUtils class
[2025-01-09 13:34:07,954] 46 root - INFO - Entered the save_object method of MainUtils class
[2025-01-09 13:34:07,954] 50 root - INFO - Exited the save_object method of MainUtils class
[2025-01-09 13:34:07,954] 46 root - INFO - Entered the save_object method of MainUtils class
[2025-01-09 13:34:08,034] 50 root - INFO - Exited the save_object method of MainUtils class
[2025-01-09 13:34:08,034] 148 root - INFO - Model trainer artifact: ModelTrainerArtifact(trained_model_file_path='Artifacts\\01_09_2025_13_22_41\\model_trainer\\trained_model\\model.pkl', train_metric_artifact=ClassificationMetricArtifact(f1_score=0.990998280570446, precision_score=0.988897860314897, recall_score=0.9931076424082709), test_metric_artifact=ClassificationMetricArtifact(f1_score=0.9761616161616161, precision_score=0.9656274980015987, recall_score=0.9869281045751634))
